#
# A fatal error has been detected by the Java Runtime Environment:
#
#  SIGSEGV (0xb) at pc=0x00007f7cb65aa0d1, pid=7602, tid=7692
#
# JRE version: Java(TM) SE Runtime Environment (11.0.6+8) (build 11.0.6+8-LTS)
# Java VM: Java HotSpot(TM) 64-Bit Server VM (11.0.6+8-LTS, mixed mode, tiered, compressed oops, g1 gc, linux-amd64)
# Problematic frame:
# C  [libjimage.so+0x40d1]  ImageStrings::find(Endian*, char const*, int*, unsigned int)+0x71
#
# Core dump will be written. Default location: Core dumps may be processed with "/usr/share/apport/apport %p %s %c %d %P" (or dumping to /home/christophe/Documents/messageApp/core.7602)
#
# If you would like to submit a bug report, please visit:
#   http://bugreport.java.com/bugreport/crash.jsp
#

---------------  S U M M A R Y ------------

Command Line: -Dfile.encoding=UTF-8 -Xms1024m -Xmx1024m -Xss4M -XX:ReservedCodeCacheSize=128m -Dscala.ext.dirs=/home/christophe/.sbt/0.13/java9-rt-ext-oracle_corporation_11_0_6 /usr/share/sbt/bin/sbt-launch.jar

Host: Intel(R) Core(TM) i5 CPU       M 560  @ 2.67GHz, 4 cores, 5G, Ubuntu 18.04.4 LTS
Time: Tue Mar 17 01:05:21 2020 WAT elapsed time: 6677 seconds (0d 1h 51m 17s)

---------------  T H R E A D  ---------------

Current thread (0x00007f7cb047b800):  JavaThread "Signal Dispatcher" daemon [_thread_in_vm, id=7692, stack(0x00007f7c86a2e000,0x00007f7c86e2f000)]

Stack: [0x00007f7c86a2e000,0x00007f7c86e2f000],  sp=0x00007f7c86e2c060,  free space=4088k
Native frames: (J=compiled Java code, A=aot compiled Java code, j=interpreted, Vv=VM code, C=native code)
C  [libjimage.so+0x40d1]  ImageStrings::find(Endian*, char const*, int*, unsigned int)+0x71
C  [libjimage.so+0x4daa]  ImageFileReader::find_location_index(char const*, unsigned long long*) const+0x3a
C  [libjimage.so+0x52aa]  JIMAGE_FindResource+0xfa
V  [libjvm.so+0x5cdcae]